<?xml version="1.0" encoding="UTF-8"?>
<testsuite name="com.munited.munited.controller.EventControllerTest" tests="16" skipped="0" failures="0" errors="0" timestamp="2023-12-21T21:52:10" hostname="acer-n" time="1.926">
  <properties/>
  <testcase name="testDeleteByIdNotFound()" classname="com.munited.munited.controller.EventControllerTest" time="1.809"/>
  <testcase name="testCreateEventUserNotFound()" classname="com.munited.munited.controller.EventControllerTest" time="0.009"/>
  <testcase name="testGetEvent()" classname="com.munited.munited.controller.EventControllerTest" time="0.008"/>
  <testcase name="testCreateEvent()" classname="com.munited.munited.controller.EventControllerTest" time="0.007"/>
  <testcase name="testSignOffFromEvent()" classname="com.munited.munited.controller.EventControllerTest" time="0.007"/>
  <testcase name="testSignUpToEventAlreadySignedUp()" classname="com.munited.munited.controller.EventControllerTest" time="0.009"/>
  <testcase name="testSignOffFromEventWithNoSignedUpUser()" classname="com.munited.munited.controller.EventControllerTest" time="0.005"/>
  <testcase name="testAllEvents()" classname="com.munited.munited.controller.EventControllerTest" time="0.005"/>
  <testcase name="testSignUpToEventNoVisitors()" classname="com.munited.munited.controller.EventControllerTest" time="0.007"/>
  <testcase name="testSignOffFromEventWithNoSignedUpUserThrows()" classname="com.munited.munited.controller.EventControllerTest" time="0.005"/>
  <testcase name="testSignOffFromEventWithSignedUpUser()" classname="com.munited.munited.controller.EventControllerTest" time="0.006"/>
  <testcase name="testDeleteById()" classname="com.munited.munited.controller.EventControllerTest" time="0.005"/>
  <testcase name="testReplaceEvent()" classname="com.munited.munited.controller.EventControllerTest" time="0.006"/>
  <testcase name="testReplaceEventNotFound()" classname="com.munited.munited.controller.EventControllerTest" time="0.004"/>
  <testcase name="testSignUpToEvent()" classname="com.munited.munited.controller.EventControllerTest" time="0.007"/>
  <testcase name="testGetEventNotFound()" classname="com.munited.munited.controller.EventControllerTest" time="0.006"/>
  <system-out><![CDATA[]]></system-out>
  <system-err><![CDATA[WARNING: A Java agent has been loaded dynamically (/home/nico/.gradle/caches/modules-2/files-2.1/net.bytebuddy/byte-buddy-agent/1.14.9/dfb8707031008535048bad2b69735f46d0b6c5e5/byte-buddy-agent-1.14.9.jar)
WARNING: If a serviceability tool is in use, please run with -XX:+EnableDynamicAgentLoading to hide this warning
WARNING: If a serviceability tool is not in use, please run with -Djdk.instrument.traceUsage for more information
WARNING: Dynamic loading of agents will be disallowed by default in a future release
]]></system-err>
</testsuite>
