<?xml version="1.0" encoding="UTF-8"?>
<testsuite name="com.munited.munited.database.UserRepositoryTest" tests="1" skipped="0" failures="0" errors="0" timestamp="2023-11-16T11:35:07" hostname="acer-n" time="0.693">
  <properties/>
  <testcase name="testCreateUser()" classname="com.munited.munited.database.UserRepositoryTest" time="0.693"/>
  <system-out><![CDATA[12:35:04.497 [Test worker] INFO org.springframework.test.context.support.AnnotationConfigContextLoaderUtils -- Could not detect default configuration classes for test class [com.munited.munited.database.UserRepositoryTest]: UserRepositoryTest does not declare any static, non-private, non-final, nested classes annotated with @Configuration.
12:35:04.579 [Test worker] INFO org.springframework.boot.test.context.SpringBootTestContextBootstrapper -- Found @SpringBootConfiguration com.munited.munited.MunitedApplication for test class com.munited.munited.database.UserRepositoryTest

  .   ____          _            __ _ _
 /\\ / ___'_ __ _ _(_)_ __  __ _ \ \ \ \
( ( )\___ | '_ | '_| | '_ \/ _` | \ \ \ \
 \\/  ___)| |_)| | | | | || (_| |  ) ) ) )
  '  |____| .__|_| |_|_| |_\__, | / / / /
 =========|_|==============|___/=/_/_/_/
 :: Spring Boot ::                (v3.1.5)

2023-11-16T12:35:04.860+01:00  INFO 22463 --- [    Test worker] c.m.munited.database.UserRepositoryTest  : Starting UserRepositoryTest using Java 21 with PID 22463 (started by nico in /home/nico/hochschule/seng/project_24/backend)
2023-11-16T12:35:04.861+01:00  INFO 22463 --- [    Test worker] c.m.munited.database.UserRepositoryTest  : No active profile set, falling back to 1 default profile: "default"
2023-11-16T12:35:05.120+01:00  INFO 22463 --- [    Test worker] .s.d.r.c.RepositoryConfigurationDelegate : Bootstrapping Spring Data JPA repositories in DEFAULT mode.
2023-11-16T12:35:05.156+01:00  INFO 22463 --- [    Test worker] .s.d.r.c.RepositoryConfigurationDelegate : Finished Spring Data repository scanning in 31 ms. Found 1 JPA repository interfaces.
2023-11-16T12:35:05.387+01:00  INFO 22463 --- [    Test worker] com.zaxxer.hikari.HikariDataSource       : HikariPool-1 - Starting...
2023-11-16T12:35:05.544+01:00  INFO 22463 --- [    Test worker] com.zaxxer.hikari.pool.HikariPool        : HikariPool-1 - Added connection conn0: url=jdbc:h2:mem:ecc74c27-7efc-428d-98ad-47fd21fb059a user=SA
2023-11-16T12:35:05.546+01:00  INFO 22463 --- [    Test worker] com.zaxxer.hikari.HikariDataSource       : HikariPool-1 - Start completed.
2023-11-16T12:35:05.588+01:00  INFO 22463 --- [    Test worker] o.hibernate.jpa.internal.util.LogHelper  : HHH000204: Processing PersistenceUnitInfo [name: default]
2023-11-16T12:35:05.629+01:00  INFO 22463 --- [    Test worker] org.hibernate.Version                    : HHH000412: Hibernate ORM core version 6.2.13.Final
2023-11-16T12:35:05.631+01:00  INFO 22463 --- [    Test worker] org.hibernate.cfg.Environment            : HHH000406: Using bytecode reflection optimizer
2023-11-16T12:35:05.886+01:00  INFO 22463 --- [    Test worker] o.s.o.j.p.SpringPersistenceUnitInfo      : No LoadTimeWeaver setup: ignoring JPA class transformer
2023-11-16T12:35:06.811+01:00  INFO 22463 --- [    Test worker] o.h.e.t.j.p.i.JtaPlatformInitiator       : HHH000489: No JTA platform available (set 'hibernate.transaction.jta.platform' to enable JTA platform integration)
Hibernate: drop table if exists users cascade 
Hibernate: drop sequence if exists users_seq
Hibernate: create sequence users_seq start with 1 increment by 50
Hibernate: create table users (id bigint not null, email varchar(255) not null unique, password varchar(255) not null, username varchar(255) not null, primary key (id))
2023-11-16T12:35:06.859+01:00  INFO 22463 --- [    Test worker] j.LocalContainerEntityManagerFactoryBean : Initialized JPA EntityManagerFactory for persistence unit 'default'
2023-11-16T12:35:07.165+01:00  INFO 22463 --- [    Test worker] c.m.munited.database.UserRepositoryTest  : Started UserRepositoryTest in 2.532 seconds (process running for 3.292)
Hibernate: select next value for users_seq
Hibernate: insert into users (email,password,username,id) values (?,?,?,?)
]]></system-out>
  <system-err><![CDATA[WARNING: A Java agent has been loaded dynamically (/home/nico/.gradle/caches/modules-2/files-2.1/net.bytebuddy/byte-buddy-agent/1.14.9/dfb8707031008535048bad2b69735f46d0b6c5e5/byte-buddy-agent-1.14.9.jar)
WARNING: If a serviceability tool is in use, please run with -XX:+EnableDynamicAgentLoading to hide this warning
WARNING: If a serviceability tool is not in use, please run with -Djdk.instrument.traceUsage for more information
WARNING: Dynamic loading of agents will be disallowed by default in a future release
]]></system-err>
</testsuite>
