<?xml version="1.0" encoding="UTF-8"?>
<testsuite name="com.munited.munited.AuthControllerTest" tests="6" skipped="0" failures="0" errors="0" timestamp="2023-12-21T19:28:21" hostname="acer-n" time="2.053">
  <properties/>
  <testcase name="testGetUsers()" classname="com.munited.munited.AuthControllerTest" time="1.85"/>
  <testcase name="testLogin()" classname="com.munited.munited.AuthControllerTest" time="0.015"/>
  <testcase name="testRegister()" classname="com.munited.munited.AuthControllerTest" time="0.005"/>
  <testcase name="testLoginNoUser()" classname="com.munited.munited.AuthControllerTest" time="0.167"/>
  <testcase name="testGetUserById()" classname="com.munited.munited.AuthControllerTest" time="0.004"/>
  <testcase name="testGetUserByIdNotFound()" classname="com.munited.munited.AuthControllerTest" time="0.004"/>
  <system-out><![CDATA[]]></system-out>
  <system-err><![CDATA[WARNING: A Java agent has been loaded dynamically (/home/nico/.gradle/caches/modules-2/files-2.1/net.bytebuddy/byte-buddy-agent/1.14.9/dfb8707031008535048bad2b69735f46d0b6c5e5/byte-buddy-agent-1.14.9.jar)
WARNING: If a serviceability tool is in use, please run with -XX:+EnableDynamicAgentLoading to hide this warning
WARNING: If a serviceability tool is not in use, please run with -Djdk.instrument.traceUsage for more information
WARNING: Dynamic loading of agents will be disallowed by default in a future release
]]></system-err>
</testsuite>
